#
# There is insufficient memory for the Java Runtime Environment to continue.
# Native memory allocation (mmap) failed to map 65536 bytes for Failed to commit metaspace.
# Possible reasons:
#   The system is out of physical RAM or swap space
#   The process is running with CompressedOops enabled, and the Java Heap may be blocking the growth of the native heap
# Possible solutions:
#   Reduce memory load on the system
#   Increase physical memory or swap space
#   Check if swap backing store is full
#   Decrease Java heap size (-Xmx/-Xms)
#   Decrease number of Java threads
#   Decrease Java thread stack sizes (-Xss)
#   Set larger code cache with -XX:ReservedCodeCacheSize=
#   JVM is running with Unscaled Compressed Oops mode in which the Java heap is
#     placed in the first 4GB address space. The Java Heap base address is the
#     maximum limit for the native heap growth. Please use -XX:HeapBaseMinAddress
#     to set the Java Heap base and to place the Java Heap above 4GB virtual address.
# This output file may be truncated or incomplete.
#
#  Out of Memory Error (virtualSpaceNode.cpp:110), pid=24248, tid=2684
#
# JRE version: OpenJDK Runtime Environment Temurin-17.0.9+9 (17.0.9+9) (build 17.0.9+9)
# Java VM: OpenJDK 64-Bit Server VM Temurin-17.0.9+9 (17.0.9+9, mixed mode, tiered, compressed oops, compressed class ptrs, parallel gc, windows-amd64)
# No core dump will be written. Minidumps are not enabled by default on client versions of Windows
#

---------------  S U M M A R Y ------------

Command Line: --add-modules=ALL-SYSTEM --add-opens=java.base/java.util=ALL-UNNAMED --add-opens=java.base/java.lang=ALL-UNNAMED --add-opens=java.base/sun.nio.fs=ALL-UNNAMED -Declipse.application=org.eclipse.jdt.ls.core.id1 -Dosgi.bundles.defaultStartLevel=4 -Declipse.product=org.eclipse.jdt.ls.core.product -Djava.import.generatesMetadataFilesAtProjectRoot=false -DDetectVMInstallationsJob.disabled=true -Dfile.encoding=utf8 -XX:+UseParallelGC -XX:GCTimeRatio=4 -XX:AdaptiveSizePolicyWeight=90 -Dsun.zip.disableMemoryMapping=true -Xmx1G -Xms100m -Xlog:disable -javaagent:c:\Users\PC\.vscode\extensions\redhat.java-1.25.1-win32-x64\lombok\lombok-1.18.30.jar c:\Users\PC\.vscode\extensions\redhat.java-1.25.1-win32-x64\server\plugins\org.eclipse.equinox.launcher_1.6.600.v20231106-1826.jar -configuration c:\Users\PC\AppData\Roaming\Code\User\globalStorage\redhat.java\1.25.1\config_ss_win -data c:\Users\PC\AppData\Roaming\Code\User\workspaceStorage\661b078f9132431b988ca1681b2f789d\redhat.java\ss_ws --stdio

Host: Intel(R) Core(TM) i3-1005G1 CPU @ 1.20GHz, 4 cores, 11G,  Windows 10 , 64 bit Build 19041 (10.0.19041.3636)
Time: Sun Dec 24 00:14:41 2023 SE Asia Standard Time elapsed time: 1.829638 seconds (0d 0h 0m 1s)

---------------  T H R E A D  ---------------

Current thread (0x000001fcd4d7f850):  JavaThread "main" [_thread_in_vm, id=2684, stack(0x0000004f36000000,0x0000004f36100000)]

Stack: [0x0000004f36000000,0x0000004f36100000]
Native frames: (J=compiled Java code, j=interpreted, Vv=VM code, C=native code)
V  [jvm.dll+0x67cf49]
V  [jvm.dll+0x83478a]
V  [jvm.dll+0x83624e]
V  [jvm.dll+0x8368b3]
V  [jvm.dll+0x247f1f]
V  [jvm.dll+0x83044b]
V  [jvm.dll+0x621776]
V  [jvm.dll+0x6217da]
V  [jvm.dll+0x62400a]
V  [jvm.dll+0x622116]
V  [jvm.dll+0x62c007]
V  [jvm.dll+0x1ebfdb]
V  [jvm.dll+0x1ec515]
V  [jvm.dll+0x1ecfd0]
V  [jvm.dll+0x1e23d1]
V  [jvm.dll+0x54305e]
V  [jvm.dll+0x1f2e27]
V  [jvm.dll+0x7adb8b]
V  [jvm.dll+0x7aef5c]
V  [jvm.dll+0x7af7d3]
V  [jvm.dll+0x1ea786]
V  [jvm.dll+0x1ecf0c]
V  [jvm.dll+0x1e23d1]
V  [jvm.dll+0x54305e]
V  [jvm.dll+0x1f2e27]
V  [jvm.dll+0x7adb8b]
V  [jvm.dll+0x7aef5c]
V  [jvm.dll+0x418365]
C  [java.dll+0x1a55]

Java frames: (J=compiled Java code, j=interpreted, Vv=VM code)
j  java.lang.ClassLoader.findBootstrapClass(Ljava/lang/String;)Ljava/lang/Class;+0 java.base@17.0.9
j  java.lang.ClassLoader.findBootstrapClassOrNull(Ljava/lang/String;)Ljava/lang/Class;+10 java.base@17.0.9
j  java.lang.System$2.findBootstrapClassOrNull(Ljava/lang/String;)Ljava/lang/Class;+1 java.base@17.0.9
j  jdk.internal.loader.ClassLoaders$BootClassLoader.loadClassOrNull(Ljava/lang/String;Z)Ljava/lang/Class;+4 java.base@17.0.9
j  jdk.internal.loader.BuiltinClassLoader.loadClassOrNull(Ljava/lang/String;)Ljava/lang/Class;+3 java.base@17.0.9
j  jdk.internal.loader.BuiltinClassLoader.loadClassOrNull(Ljava/lang/String;Z)Ljava/lang/Class;+66 java.base@17.0.9
j  jdk.internal.loader.BuiltinClassLoader.loadClass(Ljava/lang/String;Z)Ljava/lang/Class;+3 java.base@17.0.9
j  java.lang.ClassLoader.loadClass(Ljava/lang/String;Z)Ljava/lang/Class;+38 java.base@17.0.9
J 784 c1 java.lang.ClassLoader.loadClass(Ljava/lang/String;)Ljava/lang/Class; java.base@17.0.9 (7 bytes) @ 0x000001fcd935763c [0x000001fcd9357540+0x00000000000000fc]
v  ~StubRoutines::call_stub
j  org.eclipse.osgi.internal.container.InternalUtils.newUUID(Lorg/eclipse/osgi/internal/framework/EquinoxConfiguration;)Ljava/lang/String;+35
j  org.eclipse.osgi.internal.framework.EquinoxConfiguration.initializeProperties()V+777
j  org.eclipse.osgi.internal.framework.EquinoxConfiguration.<init>(Ljava/util/Map;Lorg/eclipse/osgi/internal/hookregistry/HookRegistry;)V+70
j  org.eclipse.osgi.internal.framework.EquinoxContainer.<init>(Ljava/util/Map;Lorg/osgi/framework/connect/ModuleConnector;)V+81
j  org.eclipse.osgi.launch.Equinox.<init>(Ljava/util/Map;Lorg/osgi/framework/connect/ModuleConnector;)V+10
j  org.eclipse.osgi.launch.Equinox.<init>(Ljava/util/Map;)V+3
j  org.eclipse.core.runtime.adaptor.EclipseStarter.startup([Ljava/lang/String;Ljava/lang/Runnable;)Lorg/osgi/framework/BundleContext;+28
j  org.eclipse.core.runtime.adaptor.EclipseStarter.run([Ljava/lang/String;Ljava/lang/Runnable;)Ljava/lang/Object;+21
v  ~StubRoutines::call_stub
j  jdk.internal.reflect.NativeMethodAccessorImpl.invoke0(Ljava/lang/reflect/Method;Ljava/lang/Object;[Ljava/lang/Object;)Ljava/lang/Object;+0 java.base@17.0.9
j  jdk.internal.reflect.NativeMethodAccessorImpl.invoke(Ljava/lang/Object;[Ljava/lang/Object;)Ljava/lang/Object;+133 java.base@17.0.9
j  jdk.internal.reflect.DelegatingMethodAccessorImpl.invoke(Ljava/lang/Object;[Ljava/lang/Object;)Ljava/lang/Object;+6 java.base@17.0.9
j  java.lang.reflect.Method.invoke(Ljava/lang/Object;[Ljava/lang/Object;)Ljava/lang/Object;+59 java.base@17.0.9
j  org.eclipse.equinox.launcher.Main.invokeFramework([Ljava/lang/String;[Ljava/net/URL;)V+201
j  org.eclipse.equinox.launcher.Main.basicRun([Ljava/lang/String;)V+159
j  org.eclipse.equinox.launcher.Main.run([Ljava/lang/String;)I+4
j  org.eclipse.equinox.launcher.Main.main([Ljava/lang/String;)V+10
v  ~StubRoutines::call_stub

Compiled method (c1)    1867  784       3       java.lang.ClassLoader::loadClass (7 bytes)
 total in heap  [0x000001fcd9357390,0x000001fcd9357770] = 992
 relocation     [0x000001fcd93574e8,0x000001fcd9357528] = 64
 main code      [0x000001fcd9357540,0x000001fcd93576c0] = 384
 stub code      [0x000001fcd93576c0,0x000001fcd9357708] = 72
 metadata       [0x000001fcd9357708,0x000001fcd9357710] = 8
 scopes data    [0x000001fcd9357710,0x000001fcd9357728] = 24
 scopes pcs     [0x000001fcd9357728,0x000001fcd9357768] = 64
 dependencies   [0x000001fcd9357768,0x000001fcd9357770] = 8

[Constant Pool (empty)]

[MachCode]
[Entry Point]
  # {method} {0x000001fceb01d380} 'loadClass' '(Ljava/lang/String;)Ljava/lang/Class;' in 'java/lang/ClassLoader'
  # this:     rdx:rdx   = 'java/lang/ClassLoader'
  # parm0:    r8:r8     = 'java/lang/String'
  #           [sp+0x40]  (sp of caller)
  0x000001fcd9357540: 448b 5208 | 49c1 e203 

  0x000001fcd9357548: ;   {runtime_call ic_miss_stub}
  0x000001fcd9357548: 4c3b d00f | 852f a043 | 0766 6666 | 0f1f 8400 | 0000 0000 | 6666 6690 
[Verified Entry Point]
  0x000001fcd9357560: 8984 2400 | 90ff ff55 | 4883 ec30 

  0x000001fcd935756c: ;   {metadata(method data for {method} {0x000001fceb01d380} 'loadClass' '(Ljava/lang/String;)Ljava/lang/Class;' in 'java/lang/ClassLoader')}
  0x000001fcd935756c: 49b9 9840 | 96eb fc01 | 0000 418b | b1cc 0000 | 0083 c602 | 4189 b1cc | 0000 0081 | e6fe 0700 
  0x000001fcd935758c: 0083 fe00 | 0f84 b900 | 0000 4c8b 

  0x000001fcd9357598: ;   {metadata(method data for {method} {0x000001fceb01d380} 'loadClass' '(Ljava/lang/String;)Ljava/lang/Class;' in 'java/lang/ClassLoader')}
  0x000001fcd9357598: ca48 be98 | 4096 ebfc | 0100 0045 | 8b49 0849 | c1e1 034c | 3b8e 2001 | 0000 750d | 4883 8628 
  0x000001fcd93575b8: 0100 0001 | e966 0000 | 004c 3b8e | 3001 0000 | 750d 4883 | 8638 0100 | 0001 e950 | 0000 0048 
  0x000001fcd93575d8: 81be 2001 | 0000 0000 | 0000 7517 | 4c89 8e20 | 0100 0048 | c786 2801 | 0000 0100 | 0000 e92c 
  0x000001fcd93575f8: 0000 0048 | 81be 3001 | 0000 0000 | 0000 7517 | 4c89 8e30 | 0100 0048 | c786 3801 | 0000 0100 
  0x000001fcd9357618: 0000 e908 | 0000 0048 | 8386 1001 | 0000 0141 | b900 0000 | 0048 b8ff | ffff ffff 

  0x000001fcd9357634: ;   {virtual_call}
  0x000001fcd9357634: ffff ffe8 

  0x000001fcd9357638: ; ImmutableOopMap {}
                      ;*invokevirtual loadClass {reexecute=0 rethrow=0 return_oop=0}
                      ; - java.lang.ClassLoader::loadClass@3
  0x000001fcd9357638: e46f 4307 | 4883 c430 

  0x000001fcd9357640: ;   {poll_return}
  0x000001fcd9357640: 5d49 3ba7 | 5003 0000 | 0f87 2200 

  0x000001fcd935764c: ;   {metadata({method} {0x000001fceb01d380} 'loadClass' '(Ljava/lang/String;)Ljava/lang/Class;' in 'java/lang/ClassLoader')}
  0x000001fcd935764c: 0000 c349 | ba78 d301 | ebfc 0100 | 004c 8954 | 2408 48c7 | 0424 ffff 

  0x000001fcd9357664: ;   {runtime_call counter_overflow Runtime1 stub}
  0x000001fcd9357664: ffff e895 

  0x000001fcd9357668: ; ImmutableOopMap {rdx=Oop r8=Oop }
                      ;*synchronization entry
                      ; - java.lang.ClassLoader::loadClass@-1
  0x000001fcd9357668: 5a4e 07e9 | 26ff ffff 

  0x000001fcd9357670: ;   {internal_word}
  0x000001fcd9357670: 49ba 4176 | 35d9 fc01 | 0000 4d89 | 9768 0300 

  0x000001fcd9357680: ;   {runtime_call SafepointBlob}
  0x000001fcd9357680: 00e9 fa15 | 4407 9090 | 498b 87e0 | 0300 0049 | c787 e003 | 0000 0000 | 0000 49c7 | 87e8 0300 
  0x000001fcd93576a0: 0000 0000 | 0048 83c4 

  0x000001fcd93576a8: ;   {runtime_call unwind_exception Runtime1 stub}
  0x000001fcd93576a8: 305d e9d1 | 2445 07f4 | f4f4 f4f4 | f4f4 f4f4 | f4f4 f4f4 | f4f4 f4f4 
[Stub Code]
  0x000001fcd93576c0: ;   {no_reloc}
  0x000001fcd93576c0: 0f1f 4400 

  0x000001fcd93576c4: ;   {static_stub}
  0x000001fcd93576c4: 0048 bb00 | 0000 0000 

  0x000001fcd93576cc: ;   {runtime_call}
  0x000001fcd93576cc: 0000 00e9 | fbff ffff 
[Exception Handler]
  0x000001fcd93576d4: ;   {runtime_call handle_exception_from_callee Runtime1 stub}
  0x000001fcd93576d4: e8a7 1d4e 

  0x000001fcd93576d8: ;   {external_word}
  0x000001fcd93576d8: 0748 b940 | 9a83 c6fd | 7f00 0048 

  0x000001fcd93576e4: ;   {runtime_call}
  0x000001fcd93576e4: 83e4 f049 | ba60 2f4c | c6fd 7f00 | 0041 ffd2 

  0x000001fcd93576f4: ;   {section_word}
  0x000001fcd93576f4: f449 baf5 | 7635 d9fc | 0100 0041 

  0x000001fcd9357700: ;   {runtime_call DeoptimizationBlob}
  0x000001fcd9357700: 52e9 1a2a | 4407 f4f4 
[/MachCode]


---------------  P R O C E S S  ---------------

Threads class SMR info:
_java_thread_list=0x000001fcf0195200, length=13, elements={
0x000001fcd4d7f850, 0x000001fcd4e3d150, 0x000001fceab1ea30, 0x000001fceab45160,
0x000001fceab45c30, 0x000001fceab48610, 0x000001fceab48ee0, 0x000001fceab4bef0,
0x000001fcefce0bb0, 0x000001fcefce3880, 0x000001fcefd6baa0, 0x000001fceff6c270,
0x000001fcf004c180
}

Java Threads: ( => current thread )
=>0x000001fcd4d7f850 JavaThread "main" [_thread_in_vm, id=2684, stack(0x0000004f36000000,0x0000004f36100000)]
  0x000001fcd4e3d150 JavaThread "Reference Handler" daemon [_thread_blocked, id=21932, stack(0x0000004f36300000,0x0000004f36400000)]
  0x000001fceab1ea30 JavaThread "Finalizer" daemon [_thread_blocked, id=268, stack(0x0000004f36400000,0x0000004f36500000)]
  0x000001fceab45160 JavaThread "Signal Dispatcher" daemon [_thread_blocked, id=11932, stack(0x0000004f36500000,0x0000004f36600000)]
  0x000001fceab45c30 JavaThread "Attach Listener" daemon [_thread_blocked, id=13384, stack(0x0000004f36600000,0x0000004f36700000)]
  0x000001fceab48610 JavaThread "Service Thread" daemon [_thread_blocked, id=12500, stack(0x0000004f36700000,0x0000004f36800000)]
  0x000001fceab48ee0 JavaThread "Monitor Deflation Thread" daemon [_thread_blocked, id=4732, stack(0x0000004f36800000,0x0000004f36900000)]
  0x000001fceab4bef0 JavaThread "C2 CompilerThread0" daemon [_thread_blocked, id=11696, stack(0x0000004f36900000,0x0000004f36a00000)]
  0x000001fcefce0bb0 JavaThread "C1 CompilerThread0" daemon [_thread_blocked, id=3488, stack(0x0000004f36a00000,0x0000004f36b00000)]
  0x000001fcefce3880 JavaThread "Sweeper thread" daemon [_thread_blocked, id=22304, stack(0x0000004f36b00000,0x0000004f36c00000)]
  0x000001fcefd6baa0 JavaThread "Common-Cleaner" daemon [_thread_blocked, id=18484, stack(0x0000004f36c00000,0x0000004f36d00000)]
  0x000001fceff6c270 JavaThread "Notification Thread" daemon [_thread_blocked, id=24320, stack(0x0000004f36d00000,0x0000004f36e00000)]
  0x000001fcf004c180 JavaThread "C2 CompilerThread1" daemon [_thread_blocked, id=12804, stack(0x0000004f36f00000,0x0000004f37000000)]

Other Threads:
  0x000001fceab0c870 VMThread "VM Thread" [stack: 0x0000004f36200000,0x0000004f36300000] [id=23692]
  0x000001fceff6c750 WatcherThread [stack: 0x0000004f36e00000,0x0000004f36f00000] [id=24308]
  0x000001fcd4d94c80 GCTaskThread "GC Thread#0" [stack: 0x0000004f36100000,0x0000004f36200000] [id=5500]

Threads with active compile tasks:

VM state: not at safepoint (normal execution)

VM Mutex/Monitor currently owned by a thread:  ([mutex/lock_event])
[0x000001fcd4d79950] Metaspace_lock - owner thread: 0x000001fcd4d7f850

Heap address: 0x00000000c0000000, size: 1024 MB, Compressed Oops mode: 32-bit

CDS archive(s) not mapped
Compressed class space mapped at: 0x0000000100000000-0x0000000140000000, reserved size: 1073741824
Narrow klass base: 0x0000000000000000, Narrow klass shift: 3, Narrow klass range: 0x140000000

GC Precious Log:
 CPUs: 4 total, 4 available
 Memory: 12030M
 Large Page Support: Disabled
 NUMA Support: Disabled
 Compressed Oops: Enabled (32-bit)
 Alignments: Space 512K, Generation 512K, Heap 2M
 Heap Min Capacity: 100M
 Heap Initial Capacity: 100M
 Heap Max Capacity: 1G
 Pre-touch: Disabled
 Parallel Workers: 4

Heap:
 PSYoungGen      total 29696K, used 22390K [0x00000000eab00000, 0x00000000ecc00000, 0x0000000100000000)
  eden space 25600K, 87% used [0x00000000eab00000,0x00000000ec0dda80,0x00000000ec400000)
  from space 4096K, 0% used [0x00000000ec800000,0x00000000ec800000,0x00000000ecc00000)
  to   space 4096K, 0% used [0x00000000ec400000,0x00000000ec400000,0x00000000ec800000)
 ParOldGen       total 68608K, used 0K [0x00000000c0000000, 0x00000000c4300000, 0x00000000eab00000)
  object space 68608K, 0% used [0x00000000c0000000,0x00000000c0000000,0x00000000c4300000)
 Metaspace       used 10112K, committed 10240K, reserved 1114112K
  class space    used 1006K, committed 1088K, reserved 1048576K

Card table byte_map: [0x000001fce83f0000,0x000001fce8600000] _byte_map_base: 0x000001fce7df0000

Marking Bits: (ParMarkBitMap*) 0x00007ffdc6aad0b0
 Begin Bits: [0x000001fce8760000, 0x000001fce9760000)
 End Bits:   [0x000001fce9760000, 0x000001fcea760000)

Polling page: 0x000001fcd4e40000

Metaspace:

Usage:
  Non-class:      8.89 MB used.
      Class:   1006.32 KB used.
       Both:      9.88 MB used.

Virtual space:
  Non-class space:       64.00 MB reserved,       8.94 MB ( 14%) committed,  1 nodes.
      Class space:        1.00 GB reserved,       1.06 MB ( <1%) committed,  1 nodes.
             Both:        1.06 GB reserved,      10.00 MB ( <1%) committed. 

Chunk freelists:
   Non-Class:  6.64 MB
       Class:  14.99 MB
        Both:  21.63 MB

MaxMetaspaceSize: unlimited
CompressedClassSpaceSize: 1.00 GB
Initial GC threshold: 21.00 MB
Current GC threshold: 21.00 MB
CDS: off
MetaspaceReclaimPolicy: balanced
 - commit_granule_bytes: 65536.
 - commit_granule_words: 8192.
 - virtual_space_node_default_size: 8388608.
 - enlarge_chunks_in_place: 1.
 - new_chunks_are_fully_committed: 0.
 - uncommit_free_chunks: 1.
 - use_allocation_guard: 0.
 - handle_deallocations: 1.


Internal statistics:

num_allocs_failed_limit: 0.
num_arena_births: 14.
num_arena_deaths: 0.
num_vsnodes_births: 2.
num_vsnodes_deaths: 0.
num_space_committed: 160.
num_space_uncommitted: 0.
num_chunks_returned_to_freelist: 0.
num_chunks_taken_from_freelist: 70.
num_chunk_merges: 0.
num_chunk_splits: 42.
num_chunks_enlarged: 33.
num_inconsistent_stats: 0.

CodeHeap 'non-profiled nmethods': size=120000Kb used=355Kb max_used=355Kb free=119644Kb
 bounds [0x000001fce0ce0000, 0x000001fce0f50000, 0x000001fce8210000]
CodeHeap 'profiled nmethods': size=120000Kb used=1386Kb max_used=1386Kb free=118614Kb
 bounds [0x000001fcd9210000, 0x000001fcd9480000, 0x000001fce0740000]
CodeHeap 'non-nmethods': size=5760Kb used=1146Kb max_used=1185Kb free=4613Kb
 bounds [0x000001fce0740000, 0x000001fce09b0000, 0x000001fce0ce0000]
 total_blobs=1260 nmethods=835 adapters=340
 compilation: enabled
              stopped_count=0, restarted_count=0
 full_count=0

Compilation events (20 events):
Event: 1.801 Thread 0x000001fcefce0bb0  826       3       java.lang.String::toLowerCase (8 bytes)
Event: 1.801 Thread 0x000001fcefce0bb0 nmethod 826 0x000001fcd9367410 code [0x000001fcd93675e0, 0x000001fcd9367978]
Event: 1.801 Thread 0x000001fcefce0bb0  827       3       java.util.Locale::getDefault (4 bytes)
Event: 1.801 Thread 0x000001fcefce0bb0 nmethod 827 0x000001fcd9367a90 code [0x000001fcd9367c20, 0x000001fcd9367d18]
Event: 1.808 Thread 0x000001fceab4bef0  828       4       java.util.HashMap::put (13 bytes)
Event: 1.808 Thread 0x000001fcefce0bb0  829       3       org.eclipse.osgi.internal.util.Tokenizer::skipWhiteSpace (58 bytes)
Event: 1.809 Thread 0x000001fcefce0bb0 nmethod 829 0x000001fcd9367d90 code [0x000001fcd9367f40, 0x000001fcd9368238]
Event: 1.809 Thread 0x000001fcefce0bb0  830       3       java.util.ArrayList::<init> (61 bytes)
Event: 1.810 Thread 0x000001fcefce0bb0 nmethod 830 0x000001fcd9368390 code [0x000001fcd93685e0, 0x000001fcd9368eb8]
Event: 1.810 Thread 0x000001fcefce0bb0  831       3       java.util.AbstractCollection::addAll (42 bytes)
Event: 1.811 Thread 0x000001fcefce0bb0 nmethod 831 0x000001fcd9369210 code [0x000001fcd9369400, 0x000001fcd9369918]
Event: 1.814 Thread 0x000001fcefce0bb0  832       1       java.nio.Buffer::position (5 bytes)
Event: 1.814 Thread 0x000001fcefce0bb0 nmethod 832 0x000001fce0d37110 code [0x000001fce0d372a0, 0x000001fce0d37378]
Event: 1.814 Thread 0x000001fcefce0bb0  833       3       java.lang.StringLatin1::inflate (34 bytes)
Event: 1.814 Thread 0x000001fcefce0bb0 nmethod 833 0x000001fcd9369a90 code [0x000001fcd9369c40, 0x000001fcd9369e58]
Event: 1.815 Thread 0x000001fcefce0bb0  834       1       java.security.CodeSource::getLocationNoFragString (5 bytes)
Event: 1.816 Thread 0x000001fcefce0bb0 nmethod 834 0x000001fce0d37410 code [0x000001fce0d375a0, 0x000001fce0d37678]
Event: 1.821 Thread 0x000001fcefce0bb0  835       3       java.util.ArrayList::toArray (57 bytes)
Event: 1.822 Thread 0x000001fcefce0bb0 nmethod 835 0x000001fcd936a010 code [0x000001fcd936a1e0, 0x000001fcd936a6d8]
Event: 1.825 Thread 0x000001fceab4bef0 nmethod 828 0x000001fce0d37710 code [0x000001fce0d37940, 0x000001fce0d38550]

GC Heap History (0 events):
No events

Dll operation events (8 events):
Event: 0.011 Loaded shared library c:\Users\PC\.vscode\extensions\redhat.java-1.25.1-win32-x64\jre\17.0.9-win32-x86_64\bin\java.dll
Event: 0.578 Loaded shared library c:\Users\PC\.vscode\extensions\redhat.java-1.25.1-win32-x64\jre\17.0.9-win32-x86_64\bin\zip.dll
Event: 0.584 Loaded shared library C:\Users\PC\.vscode\extensions\redhat.java-1.25.1-win32-x64\jre\17.0.9-win32-x86_64\bin\instrument.dll
Event: 0.619 Loaded shared library C:\Users\PC\.vscode\extensions\redhat.java-1.25.1-win32-x64\jre\17.0.9-win32-x86_64\bin\net.dll
Event: 0.625 Loaded shared library C:\Users\PC\.vscode\extensions\redhat.java-1.25.1-win32-x64\jre\17.0.9-win32-x86_64\bin\nio.dll
Event: 0.637 Loaded shared library C:\Users\PC\.vscode\extensions\redhat.java-1.25.1-win32-x64\jre\17.0.9-win32-x86_64\bin\zip.dll
Event: 0.668 Loaded shared library C:\Users\PC\.vscode\extensions\redhat.java-1.25.1-win32-x64\jre\17.0.9-win32-x86_64\bin\jimage.dll
Event: 0.819 Loaded shared library c:\Users\PC\.vscode\extensions\redhat.java-1.25.1-win32-x64\jre\17.0.9-win32-x86_64\bin\verify.dll

Deoptimization events (20 events):
Event: 1.787 Thread 0x000001fcd4d7f850 DEOPT PACKING pc=0x000001fcd9328b09 sp=0x0000004f360fd4c0
Event: 1.787 Thread 0x000001fcd4d7f850 DEOPT UNPACKING pc=0x000001fce079a9e3 sp=0x0000004f360fc948 mode 0
Event: 1.787 Thread 0x000001fcd4d7f850 DEOPT PACKING pc=0x000001fcd9328b09 sp=0x0000004f360fd4c0
Event: 1.787 Thread 0x000001fcd4d7f850 DEOPT UNPACKING pc=0x000001fce079a9e3 sp=0x0000004f360fc948 mode 0
Event: 1.808 Thread 0x000001fcd4d7f850 Uncommon trap: trap_request=0xffffffde fr.pc=0x000001fce0d1ff00 relative=0x0000000000000a40
Event: 1.808 Thread 0x000001fcd4d7f850 Uncommon trap: reason=class_check action=maybe_recompile pc=0x000001fce0d1ff00 method=java.util.HashMap.putVal(ILjava/lang/Object;Ljava/lang/Object;ZZ)Ljava/lang/Object; @ 203 c2
Event: 1.808 Thread 0x000001fcd4d7f850 DEOPT PACKING pc=0x000001fce0d1ff00 sp=0x0000004f360fe000
Event: 1.808 Thread 0x000001fcd4d7f850 DEOPT UNPACKING pc=0x000001fce0799ea3 sp=0x0000004f360fdf28 mode 2
Event: 1.808 Thread 0x000001fcd4d7f850 Uncommon trap: trap_request=0xffffffde fr.pc=0x000001fce0d1ff00 relative=0x0000000000000a40
Event: 1.808 Thread 0x000001fcd4d7f850 Uncommon trap: reason=class_check action=maybe_recompile pc=0x000001fce0d1ff00 method=java.util.HashMap.putVal(ILjava/lang/Object;Ljava/lang/Object;ZZ)Ljava/lang/Object; @ 203 c2
Event: 1.808 Thread 0x000001fcd4d7f850 DEOPT PACKING pc=0x000001fce0d1ff00 sp=0x0000004f360fe000
Event: 1.808 Thread 0x000001fcd4d7f850 DEOPT UNPACKING pc=0x000001fce0799ea3 sp=0x0000004f360fdf28 mode 2
Event: 1.808 Thread 0x000001fcd4d7f850 Uncommon trap: trap_request=0xffffffde fr.pc=0x000001fce0d1ff00 relative=0x0000000000000a40
Event: 1.808 Thread 0x000001fcd4d7f850 Uncommon trap: reason=class_check action=maybe_recompile pc=0x000001fce0d1ff00 method=java.util.HashMap.putVal(ILjava/lang/Object;Ljava/lang/Object;ZZ)Ljava/lang/Object; @ 203 c2
Event: 1.808 Thread 0x000001fcd4d7f850 DEOPT PACKING pc=0x000001fce0d1ff00 sp=0x0000004f360fe000
Event: 1.808 Thread 0x000001fcd4d7f850 DEOPT UNPACKING pc=0x000001fce0799ea3 sp=0x0000004f360fdf28 mode 2
Event: 1.808 Thread 0x000001fcd4d7f850 Uncommon trap: trap_request=0xffffffde fr.pc=0x000001fce0d1ff00 relative=0x0000000000000a40
Event: 1.808 Thread 0x000001fcd4d7f850 Uncommon trap: reason=class_check action=maybe_recompile pc=0x000001fce0d1ff00 method=java.util.HashMap.putVal(ILjava/lang/Object;Ljava/lang/Object;ZZ)Ljava/lang/Object; @ 203 c2
Event: 1.808 Thread 0x000001fcd4d7f850 DEOPT PACKING pc=0x000001fce0d1ff00 sp=0x0000004f360fe000
Event: 1.808 Thread 0x000001fcd4d7f850 DEOPT UNPACKING pc=0x000001fce0799ea3 sp=0x0000004f360fdf28 mode 2

Classes unloaded (0 events):
No events

Classes redefined (0 events):
No events

Internal exceptions (10 events):
Event: 0.520 Thread 0x000001fcd4d7f850 Exception <a 'java/lang/NoSuchMethodError'{0x00000000eacb2578}: 'void java.lang.invoke.DirectMethodHandle$Holder.invokeStatic(java.lang.Object, java.lang.Object, java.lang.Object)'> (0x00000000eacb2578) 
thrown [s\src\hotspot\share\interpreter\linkResolver.cpp, line 759]
Event: 0.868 Thread 0x000001fcd4d7f850 Exception <a 'java/lang/reflect/InvocationTargetException'{0x00000000eafdfba0}> (0x00000000eafdfba0) 
thrown [s\src\hotspot\share\runtime\reflection.cpp, line 1121]
Event: 1.328 Thread 0x000001fcd4d7f850 Exception <a 'java/lang/ClassNotFoundException'{0x00000000eb84f4f0}: sun/net/www/protocol/c/Handler> (0x00000000eb84f4f0) 
thrown [s\src\hotspot\share\classfile\systemDictionary.cpp, line 256]
Event: 1.334 Thread 0x000001fcd4d7f850 Exception <a 'java/io/FileNotFoundException'{0x00000000eb862e48}> (0x00000000eb862e48) 
thrown [s\src\hotspot\share\prims\jni.cpp, line 516]
Event: 1.335 Thread 0x000001fcd4d7f850 Exception <a 'java/io/FileNotFoundException'{0x00000000eb863b18}> (0x00000000eb863b18) 
thrown [s\src\hotspot\share\prims\jni.cpp, line 516]
Event: 1.335 Thread 0x000001fcd4d7f850 Exception <a 'java/io/FileNotFoundException'{0x00000000eb8647c8}> (0x00000000eb8647c8) 
thrown [s\src\hotspot\share\prims\jni.cpp, line 516]
Event: 1.335 Thread 0x000001fcd4d7f850 Exception <a 'java/io/FileNotFoundException'{0x00000000eb865470}> (0x00000000eb865470) 
thrown [s\src\hotspot\share\prims\jni.cpp, line 516]
Event: 1.378 Thread 0x000001fcd4d7f850 Implicit null exception at 0x000001fce0d01972 to 0x000001fce0d01ee8
Event: 1.378 Thread 0x000001fcd4d7f850 Implicit null exception at 0x000001fce0d02d72 to 0x000001fce0d032fc
Event: 1.385 Thread 0x000001fcd4d7f850 Exception <a 'java/io/FileNotFoundException'{0x00000000eb89e2d0}> (0x00000000eb89e2d0) 
thrown [s\src\hotspot\share\prims\jni.cpp, line 516]

VM Operations (10 events):
Event: 0.526 Executing VM operation: HandshakeAllThreads
Event: 0.526 Executing VM operation: HandshakeAllThreads done
Event: 0.715 Executing VM operation: HandshakeAllThreads
Event: 0.716 Executing VM operation: HandshakeAllThreads done
Event: 1.303 Executing VM operation: HandshakeAllThreads
Event: 1.303 Executing VM operation: HandshakeAllThreads done
Event: 1.303 Executing VM operation: Cleanup
Event: 1.303 Executing VM operation: Cleanup done
Event: 1.321 Executing VM operation: HandshakeAllThreads
Event: 1.321 Executing VM operation: HandshakeAllThreads done

Events (20 events):
Event: 1.772 loading class sun/util/logging/PlatformLogger$ConfigurableBridge$LoggerConfiguration
Event: 1.772 loading class sun/util/logging/PlatformLogger$ConfigurableBridge$LoggerConfiguration done
Event: 1.772 loading class jdk/internal/logger/SimpleConsoleLogger done
Event: 1.772 loading class jdk/internal/logger/SurrogateLogger done
Event: 1.772 loading class sun/util/logging/PlatformLogger
Event: 1.772 loading class sun/util/logging/PlatformLogger done
Event: 1.772 loading class sun/util/logging/PlatformLogger$Level
Event: 1.773 loading class sun/util/logging/PlatformLogger$Level done
Event: 1.794 loading class java/io/BufferedReader
Event: 1.795 loading class java/io/BufferedReader done
Event: 1.795 loading class sun/nio/cs/StreamDecoder
Event: 1.795 loading class sun/nio/cs/StreamDecoder done
Event: 1.795 loading class sun/nio/cs/UTF_8$Decoder
Event: 1.795 loading class java/nio/charset/CharsetDecoder
Event: 1.796 loading class java/nio/charset/CharsetDecoder done
Event: 1.796 loading class sun/nio/cs/UTF_8$Decoder done
Event: 1.798 loading class java/nio/charset/CoderResult
Event: 1.798 loading class java/nio/charset/CoderResult done
Event: 1.827 loading class java/util/Random
Event: 1.827 loading class java/util/random/RandomGenerator


Dynamic libraries:
0x00007ff6c07e0000 - 0x00007ff6c07ee000 	c:\Users\PC\.vscode\extensions\redhat.java-1.25.1-win32-x64\jre\17.0.9-win32-x86_64\bin\java.exe
0x00007ffe39e30000 - 0x00007ffe3a028000 	C:\WINDOWS\SYSTEM32\ntdll.dll
0x00007ffe394c0000 - 0x00007ffe3957d000 	C:\WINDOWS\System32\KERNEL32.DLL
0x00007ffe379e0000 - 0x00007ffe37cd6000 	C:\WINDOWS\System32\KERNELBASE.dll
0x00007ffe37760000 - 0x00007ffe37860000 	C:\WINDOWS\System32\ucrtbase.dll
0x00007ffe11df0000 - 0x00007ffe11e07000 	c:\Users\PC\.vscode\extensions\redhat.java-1.25.1-win32-x64\jre\17.0.9-win32-x86_64\bin\jli.dll
0x00007ffe383e0000 - 0x00007ffe3857e000 	C:\WINDOWS\System32\USER32.dll
0x00007ffe37900000 - 0x00007ffe37922000 	C:\WINDOWS\System32\win32u.dll
0x00007ffe37f40000 - 0x00007ffe37f6c000 	C:\WINDOWS\System32\GDI32.dll
0x00007ffe37ce0000 - 0x00007ffe37dfa000 	C:\WINDOWS\System32\gdi32full.dll
0x00007ffe37860000 - 0x00007ffe378fd000 	C:\WINDOWS\System32\msvcp_win.dll
0x00007ffe11c60000 - 0x00007ffe11c7b000 	c:\Users\PC\.vscode\extensions\redhat.java-1.25.1-win32-x64\jre\17.0.9-win32-x86_64\bin\VCRUNTIME140.dll
0x00007ffe1aa00000 - 0x00007ffe1ac9a000 	C:\WINDOWS\WinSxS\amd64_microsoft.windows.common-controls_6595b64144ccf1df_6.0.19041.3636_none_60b6a03d71f818d5\COMCTL32.dll
0x00007ffe39340000 - 0x00007ffe393de000 	C:\WINDOWS\System32\msvcrt.dll
0x00007ffe38d50000 - 0x00007ffe38d80000 	C:\WINDOWS\System32\IMM32.DLL
0x00007ffe31480000 - 0x00007ffe3148c000 	c:\Users\PC\.vscode\extensions\redhat.java-1.25.1-win32-x64\jre\17.0.9-win32-x86_64\bin\vcruntime140_1.dll
0x00007ffdf0690000 - 0x00007ffdf071d000 	c:\Users\PC\.vscode\extensions\redhat.java-1.25.1-win32-x64\jre\17.0.9-win32-x86_64\bin\msvcp140.dll
0x00007ffdc5f10000 - 0x00007ffdc6b71000 	c:\Users\PC\.vscode\extensions\redhat.java-1.25.1-win32-x64\jre\17.0.9-win32-x86_64\bin\server\jvm.dll
0x00007ffe38a20000 - 0x00007ffe38acf000 	C:\WINDOWS\System32\ADVAPI32.dll
0x00007ffe38f50000 - 0x00007ffe38fec000 	C:\WINDOWS\System32\sechost.dll
0x00007ffe39210000 - 0x00007ffe39336000 	C:\WINDOWS\System32\RPCRT4.dll
0x00007ffe37370000 - 0x00007ffe373bb000 	C:\WINDOWS\SYSTEM32\POWRPROF.dll
0x00007ffe24dd0000 - 0x00007ffe24dd9000 	C:\WINDOWS\SYSTEM32\WSOCK32.dll
0x00007ffe38de0000 - 0x00007ffe38e4b000 	C:\WINDOWS\System32\WS2_32.dll
0x00007ffe29a70000 - 0x00007ffe29a97000 	C:\WINDOWS\SYSTEM32\WINMM.dll
0x00007ffe30bb0000 - 0x00007ffe30bba000 	C:\WINDOWS\SYSTEM32\VERSION.dll
0x00007ffe37350000 - 0x00007ffe37362000 	C:\WINDOWS\SYSTEM32\UMPDC.dll
0x00007ffe35d20000 - 0x00007ffe35d32000 	C:\WINDOWS\SYSTEM32\kernel.appcore.dll
0x00007ffe2d4d0000 - 0x00007ffe2d4da000 	c:\Users\PC\.vscode\extensions\redhat.java-1.25.1-win32-x64\jre\17.0.9-win32-x86_64\bin\jimage.dll
0x00007ffe35140000 - 0x00007ffe35324000 	C:\WINDOWS\SYSTEM32\DBGHELP.DLL
0x00007ffe2f9d0000 - 0x00007ffe2fa04000 	C:\WINDOWS\SYSTEM32\dbgcore.DLL
0x00007ffe37e00000 - 0x00007ffe37e82000 	C:\WINDOWS\System32\bcryptPrimitives.dll
0x00007ffe2cf10000 - 0x00007ffe2cf1e000 	c:\Users\PC\.vscode\extensions\redhat.java-1.25.1-win32-x64\jre\17.0.9-win32-x86_64\bin\instrument.dll
0x00007ffdfaae0000 - 0x00007ffdfab05000 	c:\Users\PC\.vscode\extensions\redhat.java-1.25.1-win32-x64\jre\17.0.9-win32-x86_64\bin\java.dll
0x00007ffe12540000 - 0x00007ffe12558000 	c:\Users\PC\.vscode\extensions\redhat.java-1.25.1-win32-x64\jre\17.0.9-win32-x86_64\bin\zip.dll
0x00007ffe396a0000 - 0x00007ffe39de5000 	C:\WINDOWS\System32\SHELL32.dll
0x00007ffe35570000 - 0x00007ffe35d0b000 	C:\WINDOWS\SYSTEM32\windows.storage.dll
0x00007ffe386c0000 - 0x00007ffe38a14000 	C:\WINDOWS\System32\combase.dll
0x00007ffe36e80000 - 0x00007ffe36ead000 	C:\WINDOWS\SYSTEM32\Wldp.dll
0x00007ffe39160000 - 0x00007ffe3920d000 	C:\WINDOWS\System32\SHCORE.dll
0x00007ffe39050000 - 0x00007ffe390a5000 	C:\WINDOWS\System32\shlwapi.dll
0x00007ffe37440000 - 0x00007ffe37465000 	C:\WINDOWS\SYSTEM32\profapi.dll
0x00007ffe112a0000 - 0x00007ffe112b9000 	C:\Users\PC\.vscode\extensions\redhat.java-1.25.1-win32-x64\jre\17.0.9-win32-x86_64\bin\net.dll
0x00007ffe32160000 - 0x00007ffe3226a000 	C:\WINDOWS\SYSTEM32\WINHTTP.dll
0x00007ffe36b90000 - 0x00007ffe36bfa000 	C:\WINDOWS\system32\mswsock.dll
0x00007ffe05d00000 - 0x00007ffe05d16000 	C:\Users\PC\.vscode\extensions\redhat.java-1.25.1-win32-x64\jre\17.0.9-win32-x86_64\bin\nio.dll
0x00007ffe14e10000 - 0x00007ffe14e20000 	c:\Users\PC\.vscode\extensions\redhat.java-1.25.1-win32-x64\jre\17.0.9-win32-x86_64\bin\verify.dll

dbghelp: loaded successfully - version: 4.0.5 - missing functions: none
symbol engine: initialized successfully - sym options: 0x614 - pdb path: .;c:\Users\PC\.vscode\extensions\redhat.java-1.25.1-win32-x64\jre\17.0.9-win32-x86_64\bin;C:\WINDOWS\SYSTEM32;C:\WINDOWS\WinSxS\amd64_microsoft.windows.common-controls_6595b64144ccf1df_6.0.19041.3636_none_60b6a03d71f818d5;c:\Users\PC\.vscode\extensions\redhat.java-1.25.1-win32-x64\jre\17.0.9-win32-x86_64\bin\server

VM Arguments:
jvm_args: --add-modules=ALL-SYSTEM --add-opens=java.base/java.util=ALL-UNNAMED --add-opens=java.base/java.lang=ALL-UNNAMED --add-opens=java.base/sun.nio.fs=ALL-UNNAMED -Declipse.application=org.eclipse.jdt.ls.core.id1 -Dosgi.bundles.defaultStartLevel=4 -Declipse.product=org.eclipse.jdt.ls.core.product -Djava.import.generatesMetadataFilesAtProjectRoot=false -DDetectVMInstallationsJob.disabled=true -Dfile.encoding=utf8 -XX:+UseParallelGC -XX:GCTimeRatio=4 -XX:AdaptiveSizePolicyWeight=90 -Dsun.zip.disableMemoryMapping=true -Xmx1G -Xms100m -Xlog:disable -javaagent:c:\Users\PC\.vscode\extensions\redhat.java-1.25.1-win32-x64\lombok\lombok-1.18.30.jar 
java_command: c:\Users\PC\.vscode\extensions\redhat.java-1.25.1-win32-x64\server\plugins\org.eclipse.equinox.launcher_1.6.600.v20231106-1826.jar -configuration c:\Users\PC\AppData\Roaming\Code\User\globalStorage\redhat.java\1.25.1\config_ss_win -data c:\Users\PC\AppData\Roaming\Code\User\workspaceStorage\661b078f9132431b988ca1681b2f789d\redhat.java\ss_ws --stdio
java_class_path (initial): c:\Users\PC\.vscode\extensions\redhat.java-1.25.1-win32-x64\server\plugins\org.eclipse.equinox.launcher_1.6.600.v20231106-1826.jar
Launcher Type: SUN_STANDARD

[Global flags]
    uintx AdaptiveSizePolicyWeight                 = 90                                        {product} {command line}
     intx CICompilerCount                          = 3                                         {product} {ergonomic}
    uintx GCTimeRatio                              = 4                                         {product} {command line}
   size_t InitialHeapSize                          = 104857600                                 {product} {command line}
   size_t MaxHeapSize                              = 1073741824                                {product} {command line}
   size_t MaxNewSize                               = 357564416                                 {product} {ergonomic}
   size_t MinHeapDeltaBytes                        = 524288                                    {product} {ergonomic}
   size_t MinHeapSize                              = 104857600                                 {product} {command line}
   size_t NewSize                                  = 34603008                                  {product} {ergonomic}
    uintx NonNMethodCodeHeapSize                   = 5832780                                {pd product} {ergonomic}
    uintx NonProfiledCodeHeapSize                  = 122912730                              {pd product} {ergonomic}
   size_t OldSize                                  = 70254592                                  {product} {ergonomic}
    uintx ProfiledCodeHeapSize                     = 122912730                              {pd product} {ergonomic}
    uintx ReservedCodeCacheSize                    = 251658240                              {pd product} {ergonomic}
     bool SegmentedCodeCache                       = true                                      {product} {ergonomic}
   size_t SoftMaxHeapSize                          = 1073741824                             {manageable} {ergonomic}
     bool UseCompressedClassPointers               = true                           {product lp64_product} {ergonomic}
     bool UseCompressedOops                        = true                           {product lp64_product} {ergonomic}
     bool UseLargePagesIndividualAllocation        = false                                  {pd product} {ergonomic}
     bool UseParallelGC                            = true                                      {product} {command line}

Logging:
Log output configuration:
 #0: stdout all=off uptime,level,tags
 #1: stderr all=off uptime,level,tags

Environment Variables:
JAVA_HOME=C:\Users\PC\AppData\Local\jdk-17.0.8
PATH=C:\Program Files\Microsoft\jdk-17.0.8.7-hotspot\bin;C:\Program Files\Microsoft\jdk-11.0.20.8-hotspot\bin;C:\Program Files\Common Files\Oracle\Java\javapath;C:\WINDOWS\system32;C:\WINDOWS;C:\WINDOWS\System32\Wbem;C:\WINDOWS\System32\WindowsPowerShell\v1.0\;C:\WINDOWS\System32\OpenSSH\;C:\Program Files\Microsoft SQL Server\Client SDK\ODBC\170\Tools\Binn\;C:\Program Files (x86)\Microsoft SQL Server\150\Tools\Binn\;C:\Program Files\Microsoft SQL Server\150\Tools\Binn\;C:\Program Files\Microsoft SQL Server\150\DTS\Binn\;C:\Program Files\dotnet\;C:\Program Files (x86)\Microsoft SQL Server\150\DTS\Binn\;C:\Program Files\Git\cmd;C:\ProgramData\chocolatey\bin;C:\Program Files\nodejs\;C:\Users\PC\AppData\Local\Android\Sdk\tools;C:\Users\PC\AppData\Local\Microsoft\WindowsApps;C:\Users\PC\AppData\Local\Programs\Microsoft VS Code\bin;C:\Program Files\Azure Data Studio\bin;C:\Program Files (x86)\Dev-Cpp\MinGW64\bin;C:\Program Files (x86)\Dev-Cpp\MinGW64\bin;C:\Program Files\Azure Data Studio\bin;C:\Users\PC\.dotnet\tools;C:\Users\PC\AppData\Roaming\npm;C:\Users\PC\AppData\Local\Android\Sdk\platform-tools;C:\Users\PC\AppData\Local\jdk-17.0.8;
USERNAME=PC
OS=Windows_NT
PROCESSOR_IDENTIFIER=Intel64 Family 6 Model 126 Stepping 5, GenuineIntel
TMP=C:\Users\PC\AppData\Local\Temp
TEMP=C:\Users\PC\AppData\Local\Temp



Periodic native trim disabled


---------------  S Y S T E M  ---------------

OS:
 Windows 10 , 64 bit Build 19041 (10.0.19041.3636)
OS uptime: 2 days 4:59 hours
Hyper-V role detected

CPU: total 4 (initial active 4) (2 cores per cpu, 2 threads per core) family 6 model 126 stepping 5 microcode 0x78, cx8, cmov, fxsr, ht, mmx, 3dnowpref, sse, sse2, sse3, ssse3, sse4.1, sse4.2, popcnt, lzcnt, tsc, tscinvbit, avx, avx2, aes, erms, clmul, bmi1, bmi2, adx, avx512f, avx512dq, avx512cd, avx512bw, avx512vl, sha, fma, vzeroupper, avx512_vpopcntdq, avx512_vpclmulqdq, avx512_vaes, avx512_vnni, clflush, clflushopt, avx512_vbmi2, avx512_vbmi, hv
Processor Information for all 4 processors :
  Max Mhz: 1190, Current Mhz: 1190, Mhz Limit: 1190

Memory: 4k page, system-wide physical 12030M (549M free)
TotalPageFile size 22270M (AvailPageFile size 5M)
current process WorkingSet (physical memory assigned to process): 65M, peak: 65M
current process commit charge ("private bytes"): 183M, peak: 184M

vm_info: OpenJDK 64-Bit Server VM (17.0.9+9) for windows-amd64 JRE (17.0.9+9), built on Oct 26 2023 14:01:42 by "admin" with MS VC++ 16.10 / 16.11 (VS2019)

END.
